41 11000 15 20
00222222222222222222
02222222222222222222
02222222222222222222
02222221122222222222
02222221111122222222
02222222111112222222
02222222111111222222
02222222211111222222
02222222221111122222
02222222222111122222
02222222222221222222
00222222222222222222
00022222222222222222
00000022222222222222
00000000002222222222
B 2 0 2|B 1 0 3|B 3 0 4|B 3 0 5|


B 2 0 6|



B 3 0 7|


B 3 0 8|

B 3 0 9|

B 3 0 10|

B 3 0 11|
B 3 0 12|
B 3 0 13|
B 3 0 14|
B 3 0 15|
B 3 0 16|
B 3 0 17|B 3 0 18|
B 3 0 19|
B 3 1 1|B 3 1 2|
B 3 1 3|B 3 1 4|
B 3 1 5|B 3 1 6|
B 3 1 7|B 3 1 8|B 3 1 9|
B 3 1 10|B 3 1 11|B 3 1 12|
B 3 1 13|B 3 1 14|B 3 1 15|
B 3 1 16|B 3 1 17|B 3 1 18|
B 3 1 19|B 3 2 1|B 3 2 2|B 3 2 3|
B 3 2 4|B 3 2 5|B 3 2 6|B 3 2 7|
B 3 2 8|B 3 2 9|B 3 2 10|B 3 2 11|B 3 2 12|
B 3 2 13|B 3 2 14|B 3 2 15|B 3 2 16|B 3 2 17|B 3 2 18|
B 3 2 19|B 3 3 1|B 3 3 2|B 3 3 3|B 3 3 4|B 3 3 5|
B 3 3 6|B 3 3 9|B 3 3 10|B 3 3 11|B 3 3 12|B 3 3 13|
B 3 3 14|B 3 3 15|B 3 3 16|B 3 3 17|B 3 3 18|B 3 3 19|B 3 4 1|B 3 4 2|
B 3 4 3|B 3 4 4|B 3 4 5|B 3 4 6|B 3 4 12|B 3 4 13|B 3 4 14|B 3 4 15|
